1	﻿	﻿	XC	3	mod
2	कृषि	कृषि	XC	3	mod
3	कला	कला	XC	6	ccof
4	,	,	,	3	rsym
5	विज्ञान	विज्ञान	NN	6	ccof
6	और	और	CC:और	20	k1
7	मानव	मानव	XC	8	pof__cn
8	उपयोग	उपयोग	NN	6	ccof
9	के	का	PSP:का	8	lwg__psp
10	लिए	ले	PSP:ले	8	lwg__psp
11	पौधों	पौधा	NN	12	ccof
12	और	और	CC:और	20	k1
13	जानवरों	जानवर	NN	12	ccof
14	के	का	PSP:का	13	lwg__psp
15	विकास	विकास	NN	17	r6
16	के	का	PSP:का	15	lwg__psp
17	प्रबंधन	प्रबंधन	NN	19	r6
18	के	का	PSP:का	17	lwg__psp
19	उद्योग	उद्योग	NN	20	k1s
20	हैं	है	VM	0	main
21	.	.	.	20	rsym

1	व्यापक	व्यापक	JJ	2	nmod__adj
2	रूप	रूप	NN	12	adv
3	से	से	PSP:से	2	lwg__psp
4	,	,	,	2	rsym
5	कृषि	कृषि	RDP	12	k7p
6	में	में	PSP:में	5	lwg__psp
7	मिट्टी	मिट्टी	NN	9	r6
8	की	का	PSP:का	7	lwg__psp
9	खेती	खेती	NN	10	ccof
10	और	और	CC:और	12	k1
11	बढ़	बढ़	XC	12	k1
12	रही	रह	VAUX	14	ccof
13	है	है	VAUX	12	lwg__vaux
14	और	और	CC:और	0	main
15	फसलों	फसल	NN	17	r6
16	की	का	PSP:का	15	lwg__psp
17	पैदावार	पैदावार	NN	18	ccof
18	और	और	CC:और	29	rt
19	प्रजनन	प्रजनन	NN	20	ccof
20	और	और	CC:और	18	ccof
21	पशुधन	पशुधन	NN	22	ccof
22	और	और	CC:और	20	ccof
23	डेयरी	डेयरी	NN	24	ccof
24	और	और	CC:और	22	ccof
25	वानिकी	वानिकी	NN	24	ccof
26	की	का	PSP:का	25	lwg__psp
27	स्थापना	स्थापना	NN	29	k1
28	शामिल	शामिल	JJ	29	pof
29	है	है	VM	14	ccof
30	.	.	.	29	rsym

1	क्षेत्रीय	क्षेत्रीय	JJ	2	ccof
2	और	और	CC:और	19	k1
3	राष्ट्रीय	राष्ट्रीय	JJ	4	mod
4	कृषि	कृषि	NN	2	ccof
5	अधिकांशतः	अधिकांशतः	RB	19	adv
6	अलग-अलग	अलग-अलग	JJ	7	nmod__adj
7	महाद्वीप	महाद्वीप	NN	12	ccof
8	,	,	,	7	rsym
9	देश	देश	NN	12	ccof
10	,	,	,	9	rsym
11	राज्य	राज्य	NN	12	ccof
12	और	और	CC:और	19	k1
13	कनाडा	कनाडा	NN	14	mod
14	प्रांत	प्रांत	NN	12	ccof
15	के	का	PSP:का	14	lwg__psp
16	लेखों	लेखा	NN	19	k7
17	में	में	PSP:में	16	lwg__psp
18	शामिल	शामिल	JJ	19	pof
19	हैं	है	VM	0	main
20	.	.	.	19	rsym

1	आधुनिक	आधुनिक	JJ	3	nmod__adj
2	कृषि	कृषि	XC	3	mod
3	इंजीनियरिंग	इंजीनियरिंग	NNP	4	ccof
4	और	और	CC:और	0	main
5	प्रौद्योगिकी	प्रौद्योगिकी	NN	4	ccof
6	पर	पर	PSP:पर	5	lwg__psp
7	और	और	INTF	8	jjmod__intf
8	जैविक	जैविक	JJ	9	ccof
9	और	और	CC:और	15	k2
10	भौतिक	भौतिक	JJ	11	nmod__adj
11	विज्ञान	विज्ञान	NN	9	ccof
12	पर	पर	PSP:पर	11	lwg__psp
13	भारी	भारी	JJ	15	k2
14	निर्भर	निर्भर	JJ	15	pof
15	करते	कर	VM	4	ccof
16	हैं	है	VAUX	15	lwg__vaux
17	.	.	.	15	rsym

1	सफल	सफल	JJ	2	nmod__adj
2	खेती	खेती	NN	0	ROOT
3	में	में	PSP:में	2	lwg__psp
4	प्रत्येक	प्रत्येक	QF	5	nmod__adj
5	सिंचाई	सिंचाई	NN	6	ccof
6	और	और	CC:और	0	ROOT
7	जल	जल	XC	8	mod
8	निकासी	निकासी	NN	6	ccof
9	और	और	CC:और	6	ccof
10	संरक्षण	संरक्षण	NN	11	ccof
11	और	और	CC:और	15	k1
12	स्वच्छता	स्वच्छता	JJ	13	nmod__adj
13	इंजीनियरिंग	इंजीनियरिंग	NN	11	ccof
14	महत्वपूर्ण	महत्वपूर्ण	JJ	15	k1s
15	है	है	VM	9	ccof
16	.	.	.	15	rsym