1	﻿	﻿	XC	0	ROOT
2	कृषि	कृषि	XC	0	ROOT
3	वह	वह	PRP	0	ROOT
4	कला	कला	XC	7	ccof
5	,	,	,	4	rsym
6	विज्ञान	विज्ञान	NN	7	ccof
7	और	और	CC:और	0	ROOT
8	उद्योग	उद्योग	NN	9	k1s
9	है	है	VM	7	ccof
10	जो	जो	PRP	22	k1
11	मानव	मानव	XC	12	pof__cn
12	उपयोग	उपयोग	NN	22	rt
13	के	का	PSP:का	12	lwg__psp
14	लिए	ले	PSP:ले	12	lwg__psp
15	पौधों	पौधा	NN	16	ccof
16	और	और	CC:और	22	k7
17	पशुओं	पशु	NN	16	ccof
18	के	का	PSP:का	17	lwg__psp
19	विकास	विकास	NN	21	r6-k2
20	का	का	PSP:का	19	lwg__psp
21	प्रबंध	प्रबंध	NN	22	pof
22	करती	कर	VM	7	ccof
23	है	है	VAUX	22	lwg__vaux
24	.	.	.	22	rsym

1	मोटे	मोटा	RDP	2	nmod__adj
2	तौर	तौर	NN	24	k7
3	पर	पर	PSP:पर	2	lwg__psp
4	कृषि	कृषि	NN	24	k7p
5	में	में	PSP:में	4	lwg__psp
6	भूमि	भूमि	NN	8	r6
7	की	का	PSP:का	6	lwg__psp
8	जुताई	जुताई	NN	13	ccof
9	,	,	,	8	rsym
10	फसलों	फसल	NN	12	r6
11	की	का	PSP:का	10	lwg__psp
12	रुपाई	रुपाई	NN	13	ccof
13	और	और	CC:और	24	k1
14	कटाई	कटाई	XC	13	ccof
15	,	,	,	14	rsym
16	पशु-प्रजनन	पशु-प्रजनन	NN	17	ccof
17	और	और	CC:और	24	k1
18	पालन	पालन	NN	17	ccof
19	,	,	,	18	rsym
20	दुग्ध-व्यवसाय	दुग्ध-व्यवसाय	NN	21	ccof
21	और	और	CC:और	24	k1
22	वनीकरण	वनीकरण	NN	21	ccof
23	सम्मिलित	सम्मिलित	JJ	24	k1s
24	हैं	है	VM	0	main
25	.	.	.	24	rsym

1	प्रत्येक	प्रत्येक	QF	2	nmod__adj
2	महाद्वीप	महाद्वीप	NN	7	ccof
3	,	,	,	2	rsym
4	देश	देश	NN	7	ccof
5	,	,	,	4	rsym
6	राज्य	राज्य	NN	7	ccof
7	और	और	CC:और	21	k7
8	कनाडा	कनाडा	NN	7	ccof
9	के	का	PSP:का	8	lwg__psp
10	प्रांतीय	प्रांतीय	JJ	11	nmod__adj
11	लेखों	लेखा	NN	21	k7
12	में	में	PSP:में	11	lwg__psp
13	प्रादेशिक	प्रादेशिक	JJ	14	ccof
14	और	और	CC:और	21	adv
15	राष्ट्रीय	राष्ट्रीय	JJ	16	mod
16	कृषि	कृषि	NN	14	ccof
17	का	का	PSP:का	16	lwg__psp
18	विस्तार	विस्तार	NN	21	adv
19	से	से	PSP:से	18	lwg__psp
20	वर्णन	वर्णन	NN	21	pof
21	किया	कर	VM	0	main
22	गया	गया	VAUX	21	lwg__vaux
23	है	है	VAUX	21	lwg__vaux
24	.	.	.	21	rsym

1	आधुनिक	आधुनिक	JJ	4	nmod__adj
2	कृषि	कृषि	NN	4	mod
3	बहुत	बहुत	QF	4	nmod__adj
4	हद	हद	NN	0	ROOT
5	तक	तक	RP	4	lwg__rp
6	अभियांत्रिकी	अभियांत्रिकी	JJ	9	ccof
7	,	,	,	6	rsym
8	प्रौद्योगिकी	प्रौद्योगिकी	NN	9	ccof
9	और	और	CC:और	0	ROOT
10	जैव	जैव	JJ	11	ccof
11	तथा	तथा	CC:तथा	9	ccof
12	भौतिक	भौतिक	JJ	13	nmod__adj
13	विज्ञान	विज्ञान	NN	16	k7
14	पर	पर	PSP:पर	13	lwg__psp
15	निर्भर	निर्भर	JJ	16	pof
16	करती	कर	VM	9	ccof
17	है	है	VAUX	16	lwg__vaux
18	.	.	.	16	rsym

1	सिंचाई	सिंचाई	NN	7	ccof
2	,	,	,	1	rsym
3	जल-निकास	जल-निकास	NN	7	ccof
4	,	,	,	3	rsym
5	परिरक्षण	परिरक्षण	NN	7	ccof
6	,	,	,	5	rsym
7	और	और	CC:और	18	rh
8	स्वच्छता	स्वच्छता	JJ	9	nmod__adj
9	अभियांत्रिकी	अभियांत्रिकी	NN	7	ccof
10	में	में	PSP:में	9	lwg__psp
11	से	से	PSP:से	9	lwg__psp
12	प्रत्येक	प्रत्येक	QF	14	nmod__adj
13	सफल	सफल	JJ	14	nmod__adj
14	खेती	खेती	NN	18	rt
15	के	का	PSP:का	14	lwg__psp
16	लिए	ले	PSP:ले	14	lwg__psp
17	महत्वपूर्ण	महत्वपूर्ण	JJ	18	k1s
18	है	है	VM	0	main
19	.	.	.	18	rsym